<?xml version="1.0" encoding="UTF-8"?>
<!-- Generated by org.testng.reporters.JUnitReportReporter -->
<testsuite skipped="0" hostname="LAPTOP-E48591KV" name="Auto.Dropdown.Dropdown" tests="1" failures="0" timestamp="2023-03-16T11:52:49 IST" time="7.515" errors="0">
  <testcase name="setup" time="7.515" classname="Auto.Dropdown.Dropdown"/>
  <system-out/>
</testsuite> <!-- Auto.Dropdown.Dropdown -->
